Removed Pin From Net: NetName=PC8 Pin=J1-15
Removed Pin From Net: NetName=PC9 Pin=J1-16
Removed Pin From Net: NetName=PC10 Pin=J1-17
Removed Pin From Net: NetName=PC11 Pin=J1-18
Removed Pin From Net: NetName=PC12 Pin=J1-19
Removed Pin From Net: NetName=PC13 Pin=J1-20
Removed Pin From Net: NetName=PD0_GA0 Pin=J2-12
Removed Pin From Net: NetName=PD2_GA1 Pin=J2-13
Removed Pin From Net: NetName=PD2_GA2 Pin=J2-14
Removed Pin From Net: NetName=PD3_GA3 Pin=J2-15
Removed Pin From Net: NetName=PD4_GA4 Pin=J2-16
Removed Pin From Net: NetName=PD5_GAP Pin=J2-17
Removed Pin From Net: NetName=PC0 Pin=J2-18
Removed Pin From Net: NetName=PC1 Pin=J2-19
Removed Pin From Net: NetName=PC2 Pin=J2-20
Removed Pin From Net: NetName=PC3 Pin=J2-21
Removed Pin From Net: NetName=PC4 Pin=J2-22
Removed Pin From Net: NetName=PC5 Pin=J2-23
Removed Pin From Net: NetName=PC6 Pin=J2-24
Removed Pin From Net: NetName=PC7 Pin=J2-25
Change Footprint: Footprint Not Found 50.000M 3P3 50ppm 10pF 3.2*5.0MM
Added Pin To Net: NetName=IPMB1_SCL Pin=J1-15
Added Pin To Net: NetName=IPMB1_SDA Pin=J1-16
Added Pin To Net: NetName=IPMB2_SCL Pin=J1-17
Added Pin To Net: NetName=IPMB2_SDA Pin=J1-18
Added Pin To Net: NetName=GND Pin=J1-19
Added Pin To Net: NetName=PD0_GA0 Pin=J1-20
Added Pin To Net: NetName=PD2_GA1 Pin=J1-21
Added Pin To Net: NetName=PD2_GA2 Pin=J1-22
Added Pin To Net: NetName=PD3_GA3 Pin=J1-23
Added Pin To Net: NetName=PD4_GA4 Pin=J1-24
Added Pin To Net: NetName=PD5_GAP Pin=J1-25
Added Pin To Net: NetName=PC0 Pin=J2-12
Added Pin To Net: NetName=PC1 Pin=J2-13
Added Pin To Net: NetName=PC2 Pin=J2-14
Added Pin To Net: NetName=PC3 Pin=J2-15
Added Pin To Net: NetName=PC4 Pin=J2-16
Added Pin To Net: NetName=PC5 Pin=J2-17
Added Pin To Net: NetName=PC6 Pin=J2-18
Added Pin To Net: NetName=PC7 Pin=J2-19
Added Pin To Net: NetName=PC8 Pin=J2-20
Added Pin To Net: NetName=PC9 Pin=J2-21
Added Pin To Net: NetName=PC10 Pin=J2-22
Added Pin To Net: NetName=PC11 Pin=J2-23
Added Pin To Net: NetName=PC12 Pin=J2-24
Added Pin To Net: NetName=PC13 Pin=J2-25
Added Member To Class: ClassName=ChMC_V71V01 Member=Component C9 0.1uF
Added Member To Class: ClassName=ChMC_V71V01 Member=Component C11 0.1uF
Added Member To Class: ClassName=ChMC_V71V01 Member=Component C13 0.1uF
Added Member To Class: ClassName=ChMC_V71V01 Member=Component C14 0.1uF
Added Member To Class: ClassName=ChMC_V71V01 Member=Component C16 0.1uF
Added Member To Class: ClassName=ChMC_V71V01 Member=Component C18 0.1uF
Added Member To Class: ClassName=ChMC_V71V01 Member=Component C19 0.1uF
Added Member To Class: ClassName=ChMC_V71V01 Member=Component C21 0.1uF
