Removed Pin From Net: NetName=RXD0 Pin=J1-18
Removed Pin From Net: NetName=TXD0 Pin=J1-19
Removed Pin From Net: NetName=RXD1 Pin=J1-20
Removed Pin From Net: NetName=TXD1 Pin=J1-21
Removed Pin From Net: NetName=IPMB1_SCL Pin=J1-22
Removed Pin From Net: NetName=IPMB1_SDA Pin=J1-23
Removed Pin From Net: NetName=IPMB2_SCL Pin=J1-24
Removed Pin From Net: NetName=IPMB2_SDA Pin=J1-25
Removed Pin From Net: NetName=ADC0 Pin=J2-01
Removed Pin From Net: NetName=ADC1 Pin=J2-02
Removed Pin From Net: NetName=ADC2 Pin=J2-03
Removed Pin From Net: NetName=ADC3 Pin=J2-04
Removed Pin From Net: NetName=ADC4 Pin=J2-05
Removed Pin From Net: NetName=ADC5 Pin=J2-06
Removed Pin From Net: NetName=ADC6 Pin=J2-07
Removed Pin From Net: NetName=ADC7 Pin=J2-08
Change Footprint: Footprint Not Found 50.000M 3P3 50ppm 10pF 3.2*5.0MM
Added Pin To Net: NetName=ADC0 Pin=J1-18
Added Pin To Net: NetName=ADC1 Pin=J1-19
Added Pin To Net: NetName=ADC2 Pin=J1-20
Added Pin To Net: NetName=ADC3 Pin=J1-21
Added Pin To Net: NetName=ADC4 Pin=J1-22
Added Pin To Net: NetName=ADC5 Pin=J1-23
Added Pin To Net: NetName=ADC6 Pin=J1-24
Added Pin To Net: NetName=ADC7 Pin=J1-25
Added Pin To Net: NetName=RXD0 Pin=J2-01
Added Pin To Net: NetName=TXD0 Pin=J2-02
Added Pin To Net: NetName=RXD1 Pin=J2-03
Added Pin To Net: NetName=TXD1 Pin=J2-04
Added Pin To Net: NetName=IPMB1_SCL Pin=J2-05
Added Pin To Net: NetName=IPMB1_SDA Pin=J2-06
Added Pin To Net: NetName=IPMB2_SCL Pin=J2-07
Added Pin To Net: NetName=IPMB2_SDA Pin=J2-08
