Removed Pin From Net: NetName=ADC8 Pin=J2-09
Removed Pin From Net: NetName=ADC9 Pin=J2-10
Removed Pin From Net: NetName=GND Pin=J2-11
Removed Pin From Net: NetName=PC0 Pin=J2-12
Removed Pin From Net: NetName=PC1 Pin=J2-13
Removed Pin From Net: NetName=PC2 Pin=J2-14
Removed Pin From Net: NetName=PC3 Pin=J2-15
Removed Pin From Net: NetName=PC4 Pin=J2-16
Removed Pin From Net: NetName=PC5 Pin=J2-17
Removed Pin From Net: NetName=PC6 Pin=J2-18
Removed Pin From Net: NetName=PC7 Pin=J2-19
Change Footprint: Footprint Not Found 50.000M 3P3 50ppm 10pF 3.2*5.0MM
Added Pin To Net: NetName=GND Pin=J2-09
Added Pin To Net: NetName=PC0 Pin=J2-10
Added Pin To Net: NetName=PC1 Pin=J2-11
Added Pin To Net: NetName=PC2 Pin=J2-12
Added Pin To Net: NetName=PC3 Pin=J2-13
Added Pin To Net: NetName=PC4 Pin=J2-14
Added Pin To Net: NetName=PC5 Pin=J2-15
Added Pin To Net: NetName=PC6 Pin=J2-16
Added Pin To Net: NetName=PC7 Pin=J2-17
Change Net Name : Old Net Name=PC8 New Net Name=PC10
Change Net Name : Old Net Name=PC9 New Net Name=PC11
Change Net Name : Old Net Name=PC10 New Net Name=PC12
Change Net Name : Old Net Name=PC11 New Net Name=PC13
Change Net Name : Old Net Name=PC12 New Net Name=PC14
Change Net Name : Old Net Name=PC13 New Net Name=PC15
Added Pin To Net: NetName=PC8 Pin=J2-18
Added Net: Name=PC8
Added Pin To Net: NetName=PC9 Pin=J2-19
Added Net: Name=PC9
