Added Component: Designator=C1(0603C)
Add component (AddParameter): Name = "Manufacturer"; Value = "muRata"; VariantName = "[No Variations]"
Add component (AddParameter): Name = "PartNumber"; Value = "GRT188R61E106ME13"; VariantName = "[No Variations]"
Add component (AddParameter): Name = "TYPE"; Value = "X5R AEC-Q200"; VariantName = "[No Variations]"
Add component (AddParameter): Name = "VALUE"; Value = "10uF 25V"; VariantName = "[No Variations]"
Added Component: Designator=C2(0603C)
Add component (AddParameter): Name = "Manufacturer"; Value = "muRata"; VariantName = "[No Variations]"
Add component (AddParameter): Name = "PartNumber"; Value = "GCJ188R71H104KA12"; VariantName = "[No Variations]"
Add component (AddParameter): Name = "TYPE"; Value = "X7R AEC-Q200"; VariantName = "[No Variations]"
Add component (AddParameter): Name = "VALUE"; Value = "0.1uF 50V 0603"; VariantName = "[No Variations]"
Added Component: Designator=C3(0603C)
Add component (AddParameter): Name = "Manufacturer"; Value = "muRata"; VariantName = "[No Variations]"
Add component (AddParameter): Name = "PartNumber"; Value = "GCJ188R71H104KA12"; VariantName = "[No Variations]"
Add component (AddParameter): Name = "TYPE"; Value = "X7R AEC-Q200"; VariantName = "[No Variations]"
Add component (AddParameter): Name = "VALUE"; Value = "0.1uF 50V 0603"; VariantName = "[No Variations]"
Added Component: Designator=C4(0603C)
Add component (AddParameter): Name = "Manufacturer"; Value = "muRata"; VariantName = "[No Variations]"
Add component (AddParameter): Name = "PartNumber"; Value = "GCM1885C2A220JA16"; VariantName = "[No Variations]"
Add component (AddParameter): Name = "PartNumber2"; Value = "GCH1885C2A220JE01"; VariantName = "[No Variations]"
Add component (AddParameter): Name = "TYPE"; Value = "C0G AEC-Q200"; VariantName = "[No Variations]"
Add component (AddParameter): Name = "VALUE"; Value = "22pF 100V 0603"; VariantName = "[No Variations]"
Added Component: Designator=C5(0603C)
Add component (AddParameter): Name = "Manufacturer"; Value = "muRata"; VariantName = "[No Variations]"
Add component (AddParameter): Name = "PartNumber"; Value = "GCM1885C2A220JA16"; VariantName = "[No Variations]"
Add component (AddParameter): Name = "PartNumber2"; Value = "GCH1885C2A220JE01"; VariantName = "[No Variations]"
Add component (AddParameter): Name = "TYPE"; Value = "C0G AEC-Q200"; VariantName = "[No Variations]"
Add component (AddParameter): Name = "VALUE"; Value = "22pF 100V 0603"; VariantName = "[No Variations]"
Added Component: Designator=C6(0603C)
Add component (AddParameter): Name = "Manufacturer"; Value = "muRata"; VariantName = "[No Variations]"
Add component (AddParameter): Name = "PartNumber"; Value = "GCJ188R71H104KA12"; VariantName = "[No Variations]"
Add component (AddParameter): Name = "TYPE"; Value = "X7R AEC-Q200"; VariantName = "[No Variations]"
Add component (AddParameter): Name = "VALUE"; Value = "0.1uF 50V 0603"; VariantName = "[No Variations]"
Added Component: Designator=C7(0603C)
Add component (AddParameter): Name = "Manufacturer"; Value = "muRata"; VariantName = "[No Variations]"
Add component (AddParameter): Name = "PartNumber"; Value = "GRT188R61H225KE13"; VariantName = "[No Variations]"
Add component (AddParameter): Name = "TYPE"; Value = "X5R AEC-Q200"; VariantName = "[No Variations]"
Add component (AddParameter): Name = "VALUE"; Value = "2.2uF 50V"; VariantName = "[No Variations]"
Added Component: Designator=C8(0603C)
Add component (AddParameter): Name = "Manufacturer"; Value = "muRata"; VariantName = "[No Variations]"
Add component (AddParameter): Name = "PartNumber"; Value = "GRT188R61H225KE13"; VariantName = "[No Variations]"
Add component (AddParameter): Name = "TYPE"; Value = "X5R AEC-Q200"; VariantName = "[No Variations]"
Add component (AddParameter): Name = "VALUE"; Value = "2.2uF 50V"; VariantName = "[No Variations]"
Added Component: Designator=C9(0603C)
Add component (AddParameter): Name = "Manufacturer"; Value = "muRata"; VariantName = "[No Variations]"
Add component (AddParameter): Name = "PartNumber"; Value = "GRT188R61E106ME13"; VariantName = "[No Variations]"
Add component (AddParameter): Name = "TYPE"; Value = "X5R AEC-Q200"; VariantName = "[No Variations]"
Add component (AddParameter): Name = "VALUE"; Value = "10uF 25V"; VariantName = "[No Variations]"
Added Component: Designator=C10(0603C)
Add component (AddParameter): Name = "Manufacturer"; Value = "muRata"; VariantName = "[No Variations]"
Add component (AddParameter): Name = "PartNumber"; Value = "GCJ188R71H104KA12"; VariantName = "[No Variations]"
Add component (AddParameter): Name = "TYPE"; Value = "X7R AEC-Q200"; VariantName = "[No Variations]"
Add component (AddParameter): Name = "VALUE"; Value = "0.1uF 50V 0603"; VariantName = "[No Variations]"
Added Component: Designator=C11(0603C)
Add component (AddParameter): Name = "Manufacturer"; Value = "muRata"; VariantName = "[No Variations]"
Add component (AddParameter): Name = "PartNumber"; Value = "GCJ188R71H104KA12"; VariantName = "[No Variations]"
Add component (AddParameter): Name = "TYPE"; Value = "X7R AEC-Q200"; VariantName = "[No Variations]"
Add component (AddParameter): Name = "VALUE"; Value = "0.1uF 50V 0603"; VariantName = "[No Variations]"
Added Component: Designator=J1(SAMTEC_SEI-125-02-G-S-E-AB)
Add component (AddParameter): Name = "Check_prices"; Value = "https://www.snapeda.com/parts/SEI-125-02-G-S-E-AB/Samtec/view-part/?ref=eda"; VariantName = "[No Variations]"
Add component (AddParameter): Name = "MF"; Value = "Samtec"; VariantName = "[No Variations]"
Add component (AddParameter): Name = "MP"; Value = "SEI-125-02-G-S-E-AB"; VariantName = "[No Variations]"
Add component (AddParameter): Name = "Package"; Value = "None"; VariantName = "[No Variations]"
Add component (AddParameter): Name = "SnapEDA_Link"; Value = "https://www.snapeda.com/parts/SEI-125-02-G-S-E-AB/Samtec/view-part/?ref=snap"; VariantName = "[No Variations]"
Add component (AddParameter): Name = "Value"; Value = ""; VariantName = "[No Variations]"
Added Component: Designator=J2(SAMTEC_SEI-125-02-G-S-E-AB)
Add component (AddParameter): Name = "Check_prices"; Value = "https://www.snapeda.com/parts/SEI-125-02-G-S-E-AB/Samtec/view-part/?ref=eda"; VariantName = "[No Variations]"
Add component (AddParameter): Name = "MF"; Value = "Samtec"; VariantName = "[No Variations]"
Add component (AddParameter): Name = "MP"; Value = "SEI-125-02-G-S-E-AB"; VariantName = "[No Variations]"
Add component (AddParameter): Name = "Package"; Value = "None"; VariantName = "[No Variations]"
Add component (AddParameter): Name = "SnapEDA_Link"; Value = "https://www.snapeda.com/parts/SEI-125-02-G-S-E-AB/Samtec/view-part/?ref=snap"; VariantName = "[No Variations]"
Add component (AddParameter): Name = "Value"; Value = ""; VariantName = "[No Variations]"
Added Component: Designator=L1(0603L)
Add component (AddParameter): Name = "Manufacturer"; Value = "Murata"; VariantName = "[No Variations]"
Add component (AddParameter): Name = "PartNumber"; Value = "BLM18PG121SH1"; VariantName = "[No Variations]"
Add component (AddParameter): Name = "TYPE"; Value = "Bead"; VariantName = "[No Variations]"
Add component (AddParameter): Name = "VALUE"; Value = "120OHM@100MHZ 2A 25% 0603"; VariantName = "[No Variations]"
Added Component: Designator=LED1(0603LED)
Add component (AddParameter): Name = "Manufacturer"; Value = ""; VariantName = "[No Variations]"
Add component (AddParameter): Name = "Parameter 1"; Value = "1.75-1.82V/3-5mA"; VariantName = "[No Variations]"
Add component (AddParameter): Name = "PartNumber"; Value = ""; VariantName = "[No Variations]"
Add component (AddParameter): Name = "TYPE"; Value = ""; VariantName = "[No Variations]"
Added Component: Designator=R1(0805R)
Add component (AddParameter): Name = "Manufacturer"; Value = "YAGEO"; VariantName = "[No Variations]"
Add component (AddParameter): Name = "PartNumber"; Value = "AC0805FR-075R1L"; VariantName = "[No Variations]"
Add component (AddParameter): Name = "TYPE"; Value = "Q-200"; VariantName = "[No Variations]"
Add component (AddParameter): Name = "VALUE"; Value = "5R1 1% 0805 1/8W"; VariantName = "[No Variations]"
Added Component: Designator=R2(0603R)
Add component (AddParameter): Name = "Manufacturer"; Value = "YAGEO"; VariantName = "[No Variations]"
Add component (AddParameter): Name = "PartNumber"; Value = "AC0603FR-0710KL"; VariantName = "[No Variations]"
Add component (AddParameter): Name = "TYPE"; Value = "Q-200"; VariantName = "[No Variations]"
Add component (AddParameter): Name = "VALUE"; Value = "10K 1% 0603"; VariantName = "[No Variations]"
Added Component: Designator=R3(0603R)
Add component (AddParameter): Name = "Manufacturer"; Value = "YAGEO"; VariantName = "[No Variations]"
Add component (AddParameter): Name = "PartNumber"; Value = "AC0603FR-072K2L"; VariantName = "[No Variations]"
Add component (AddParameter): Name = "TYPE"; Value = "Q-200"; VariantName = "[No Variations]"
Add component (AddParameter): Name = "VALUE"; Value = "2K 1% 0603"; VariantName = "[No Variations]"
Added Component: Designator=R4(0603R)
Add component (AddParameter): Name = "Manufacturer"; Value = "YAGEO"; VariantName = "[No Variations]"
Add component (AddParameter): Name = "PartNumber"; Value = "AC0603FR-074K7L"; VariantName = "[No Variations]"
Add component (AddParameter): Name = "TYPE"; Value = "Q-200"; VariantName = "[No Variations]"
Add component (AddParameter): Name = "VALUE"; Value = "4K7 1% 0603"; VariantName = "[No Variations]"
Added Component: Designator=R5(0603R)
Add component (AddParameter): Name = "Manufacturer"; Value = "YAGEO"; VariantName = "[No Variations]"
Add component (AddParameter): Name = "PartNumber"; Value = "AC0603FR-074K7L"; VariantName = "[No Variations]"
Add component (AddParameter): Name = "TYPE"; Value = "Q-200"; VariantName = "[No Variations]"
Add component (AddParameter): Name = "VALUE"; Value = "4K7 1% 0603"; VariantName = "[No Variations]"
Added Component: Designator=R6(0603R)
Add component (AddParameter): Name = "Manufacturer"; Value = "YAGEO"; VariantName = "[No Variations]"
Add component (AddParameter): Name = "PartNumber"; Value = "AC0603FR-074K7L"; VariantName = "[No Variations]"
Add component (AddParameter): Name = "TYPE"; Value = "Q-200"; VariantName = "[No Variations]"
Add component (AddParameter): Name = "VALUE"; Value = "4K7 1% 0603"; VariantName = "[No Variations]"
Added Component: Designator=R7(0603R)
Add component (AddParameter): Name = "Manufacturer"; Value = "YAGEO"; VariantName = "[No Variations]"
Add component (AddParameter): Name = "PartNumber"; Value = "AC0603FR-074K7L"; VariantName = "[No Variations]"
Add component (AddParameter): Name = "TYPE"; Value = "Q-200"; VariantName = "[No Variations]"
Add component (AddParameter): Name = "VALUE"; Value = "4K7 1% 0603"; VariantName = "[No Variations]"
Added Component: Designator=R8(0603R)
Add component (AddParameter): Name = "Manufacturer"; Value = "YAGEO"; VariantName = "[No Variations]"
Add component (AddParameter): Name = "PartNumber"; Value = "AC0603FR-074K7L"; VariantName = "[No Variations]"
Add component (AddParameter): Name = "TYPE"; Value = "Q-200"; VariantName = "[No Variations]"
Add component (AddParameter): Name = "VALUE"; Value = "4K7 1% 0603"; VariantName = "[No Variations]"
Added Component: Designator=R9(0603R)
Add component (AddParameter): Name = "Manufacturer"; Value = "YAGEO"; VariantName = "[No Variations]"
Add component (AddParameter): Name = "PartNumber"; Value = "AC0603FR-074K7L"; VariantName = "[No Variations]"
Add component (AddParameter): Name = "TYPE"; Value = "Q-200"; VariantName = "[No Variations]"
Add component (AddParameter): Name = "VALUE"; Value = "4K7 1% 0603"; VariantName = "[No Variations]"
Added Component: Designator=R10(0603R)
Add component (AddParameter): Name = "Manufacturer"; Value = "YAGEO"; VariantName = "[No Variations]"
Add component (AddParameter): Name = "PartNumber"; Value = "AC0603FR-0710KL"; VariantName = "[No Variations]"
Add component (AddParameter): Name = "TYPE"; Value = "Q-200"; VariantName = "[No Variations]"
Add component (AddParameter): Name = "VALUE"; Value = "10K 1% 0603"; VariantName = "[No Variations]"
Added Component: Designator=R11(0603R)
Add component (AddParameter): Name = "Manufacturer"; Value = "YAGEO"; VariantName = "[No Variations]"
Add component (AddParameter): Name = "PartNumber"; Value = "AC0603FR-07560RL"; VariantName = "[No Variations]"
Add component (AddParameter): Name = "TYPE"; Value = "Q-200"; VariantName = "[No Variations]"
Add component (AddParameter): Name = "VALUE"; Value = "560R 1% 0603"; VariantName = "[No Variations]"
Added Component: Designator=R12(0603R)
Add component (AddParameter): Name = "Manufacturer"; Value = "YAGEO"; VariantName = "[No Variations]"
Add component (AddParameter): Name = "PartNumber"; Value = "AC0603FR-0751RL"; VariantName = "[No Variations]"
Add component (AddParameter): Name = "TYPE"; Value = "Q-200"; VariantName = "[No Variations]"
Add component (AddParameter): Name = "VALUE"; Value = "51R 1% 0603"; VariantName = "[No Variations]"
Added Component: Designator=R13(0603R)
Add component (AddParameter): Name = "Manufacturer"; Value = "YAGEO"; VariantName = "[No Variations]"
Add component (AddParameter): Name = "PartNumber"; Value = "AC0603FR-0751RL"; VariantName = "[No Variations]"
Add component (AddParameter): Name = "TYPE"; Value = "Q-200"; VariantName = "[No Variations]"
Add component (AddParameter): Name = "VALUE"; Value = "51R 1% 0603"; VariantName = "[No Variations]"
Added Component: Designator=R14(0603R)
Add component (AddParameter): Name = "Manufacturer"; Value = "YAGEO"; VariantName = "[No Variations]"
Add component (AddParameter): Name = "PartNumber"; Value = "AC0603FR-07120RL"; VariantName = "[No Variations]"
Add component (AddParameter): Name = "TYPE"; Value = "Q-200"; VariantName = "[No Variations]"
Add component (AddParameter): Name = "VALUE"; Value = "120R 1% 0603"; VariantName = "[No Variations]"
Added Component: Designator=R15(0603R)
Add component (AddParameter): Name = "Manufacturer"; Value = "YAGEO"; VariantName = "[No Variations]"
Add component (AddParameter): Name = "PartNumber"; Value = "AC0603FR-07560RL"; VariantName = "[No Variations]"
Add component (AddParameter): Name = "TYPE"; Value = "Q-200"; VariantName = "[No Variations]"
Add component (AddParameter): Name = "VALUE"; Value = "560R 1% 0603"; VariantName = "[No Variations]"
Added Component: Designator=TP1(TP)
Added Component: Designator=TP2(TP)
Added Component: Designator=TP3(TP)
Added Component: Designator=U1(64A_ATM)
Add component (AddParameter): Name = "Copyright"; Value = "Copyright (C) 2022 Ultra Librarian. All rights reserved."; VariantName = "[No Variations]"
Add component (AddParameter): Name = "Manufacturer_Part_Number"; Value = "ATmega128A-AU"; VariantName = "[No Variations]"
Add component (AddParameter): Name = "Mfr_Name"; Value = "Microchip"; VariantName = "[No Variations]"
Add component (AddParameter): Name = "RefDes"; Value = "RefDes"; VariantName = "[No Variations]"
Add component (AddParameter): Name = "Type"; Value = "DEV"; VariantName = "[No Variations]"
Added Component: Designator=U2(21-0041B_8_MXM)
Add component (AddParameter): Name = "Mfr_Name"; Value = "Analog Devices Inc"; VariantName = "[No Variations]"
Add component (AddParameter): Name = "RefDes"; Value = "RefDes"; VariantName = "[No Variations]"
Add component (AddParameter): Name = "Type"; Value = "Type"; VariantName = "[No Variations]"
Added Component: Designator=U3(MSOP-8_MS_LIT)
Add component (AddParameter): Name = "Mfr_Name"; Value = "Analog Devices Inc"; VariantName = "[No Variations]"
Add component (AddParameter): Name = "RefDes"; Value = "RefDes"; VariantName = "[No Variations]"
Add component (AddParameter): Name = "Type"; Value = "Type"; VariantName = "[No Variations]"
Added Component: Designator=Y1(XTAL-5032)
Add component (AddParameter): Name = "Manufacturer"; Value = "ECLIPTEC"; VariantName = "[No Variations]"
Add component (AddParameter): Name = "PartNumber"; Value = "EB2532YA12-16.000M TR"; VariantName = "[No Variations]"
Add component (AddParameter): Name = "TYPE"; Value = "XTAL AEC-Q200"; VariantName = "[No Variations]"
Add component (AddParameter): Name = "VALUE"; Value = "16.000M 50ppm 10pF 2.5*3.2MM"; VariantName = "[No Variations]"
Added Pin To Net: NetName=ADC0 Pin=U1-61
Added Net: Name=ADC0
Added Pin To Net: NetName=ADC1 Pin=U1-60
Added Net: Name=ADC1
Added Pin To Net: NetName=ADC2 Pin=U1-59
Added Net: Name=ADC2
Added Pin To Net: NetName=ADC3 Pin=U1-58
Added Net: Name=ADC3
Added Pin To Net: NetName=GND Pin=C1-2
Added Pin To Net: NetName=GND Pin=C2-1
Added Pin To Net: NetName=GND Pin=C3-1
Added Pin To Net: NetName=GND Pin=C4-1
Added Pin To Net: NetName=GND Pin=C5-1
Added Pin To Net: NetName=GND Pin=C6-2
Added Pin To Net: NetName=GND Pin=C7-1
Added Pin To Net: NetName=GND Pin=C8-1
Added Pin To Net: NetName=GND Pin=C9-1
Added Pin To Net: NetName=GND Pin=C10-2
Added Pin To Net: NetName=GND Pin=C11-2
Added Pin To Net: NetName=GND Pin=J1-03
Added Pin To Net: NetName=GND Pin=J1-04
Added Pin To Net: NetName=GND Pin=J1-10
Added Pin To Net: NetName=GND Pin=J1-25
Added Pin To Net: NetName=GND Pin=J2-05
Added Pin To Net: NetName=GND Pin=R15-1
Added Pin To Net: NetName=GND Pin=TP2-1
Added Pin To Net: NetName=GND Pin=U1-22
Added Pin To Net: NetName=GND Pin=U1-53
Added Pin To Net: NetName=GND Pin=U1-63
Added Pin To Net: NetName=GND Pin=U2-5
Added Pin To Net: NetName=GND Pin=U3-4
Added Pin To Net: NetName=GND Pin=Y1-2
Added Pin To Net: NetName=GND Pin=Y1-4
Added Net: Name=GND
Added Pin To Net: NetName=IPMB1_I2C_SCL Pin=R9-1
Added Pin To Net: NetName=IPMB1_I2C_SCL Pin=U3-2
Added Net: Name=IPMB1_I2C_SCL
Added Pin To Net: NetName=IPMB1_I2C_SDA Pin=R8-1
Added Pin To Net: NetName=IPMB1_I2C_SDA Pin=U3-7
Added Net: Name=IPMB1_I2C_SDA
Added Pin To Net: NetName=IPMB2_N1_N Pin=R12-1
Added Pin To Net: NetName=IPMB2_N1_N Pin=U2-7
Added Net: Name=IPMB2_N1_N
Added Pin To Net: NetName=IPMB2_N1_P Pin=R13-1
Added Pin To Net: NetName=IPMB2_N1_P Pin=U2-6
Added Net: Name=IPMB2_N1_P
Added Pin To Net: NetName=IPMB2_N2_N Pin=R11-1
Added Pin To Net: NetName=IPMB2_N2_N Pin=R12-2
Added Pin To Net: NetName=IPMB2_N2_N Pin=R14-2
Added Net: Name=IPMB2_N2_N
Added Pin To Net: NetName=IPMB2_N2_P Pin=R13-2
Added Pin To Net: NetName=IPMB2_N2_P Pin=R14-1
Added Pin To Net: NetName=IPMB2_N2_P Pin=R15-2
Added Net: Name=IPMB2_N2_P
Added Pin To Net: NetName=MR_N Pin=C9-2
Added Pin To Net: NetName=MR_N Pin=J1-05
Added Pin To Net: NetName=MR_N Pin=R2-1
Added Pin To Net: NetName=MR_N Pin=U1-20
Added Net: Name=MR_N
Added Pin To Net: NetName=NetC4_2 Pin=C4-2
Added Pin To Net: NetName=NetC4_2 Pin=U1-23
Added Pin To Net: NetName=NetC4_2 Pin=Y1-1
Added Net: Name=NetC4_2
Added Pin To Net: NetName=NetC5_2 Pin=C5-2
Added Pin To Net: NetName=NetC5_2 Pin=U1-24
Added Pin To Net: NetName=NetC5_2 Pin=Y1-3
Added Net: Name=NetC5_2
Added Pin To Net: NetName=NetC8_2 Pin=C8-2
Added Pin To Net: NetName=NetC8_2 Pin=U1-62
Added Net: Name=NetC8_2
Added Pin To Net: NetName=NetJ1_01 Pin=J1-01
Added Pin To Net: NetName=NetJ1_01 Pin=J1-02
Added Pin To Net: NetName=NetJ1_01 Pin=R1-1
Added Net: Name=NetJ1_01
Added Pin To Net: NetName=NetLED1_2 Pin=LED1-2
Added Pin To Net: NetName=NetLED1_2 Pin=R3-1
Added Net: Name=NetLED1_2
Added Pin To Net: NetName=NetR3_2 Pin=R3-2
Added Pin To Net: NetName=NetR3_2 Pin=U1-19
Added Net: Name=NetR3_2
Added Pin To Net: NetName=PA0 Pin=J2-10
Added Pin To Net: NetName=PA0 Pin=U1-51
Added Net: Name=PA0
Added Pin To Net: NetName=PA1 Pin=J2-11
Added Pin To Net: NetName=PA1 Pin=U1-50
Added Net: Name=PA1
Added Pin To Net: NetName=PA2 Pin=J2-12
Added Pin To Net: NetName=PA2 Pin=U1-49
Added Net: Name=PA2
Added Pin To Net: NetName=PA3 Pin=J2-13
Added Pin To Net: NetName=PA3 Pin=U1-48
Added Net: Name=PA3
Added Pin To Net: NetName=PA4 Pin=J2-14
Added Pin To Net: NetName=PA4 Pin=U1-47
Added Net: Name=PA4
Added Pin To Net: NetName=PA5 Pin=J2-15
Added Pin To Net: NetName=PA5 Pin=U1-46
Added Net: Name=PA5
Added Pin To Net: NetName=PA6 Pin=J2-16
Added Pin To Net: NetName=PA6 Pin=U1-45
Added Net: Name=PA6
Added Pin To Net: NetName=PA7 Pin=J2-17
Added Pin To Net: NetName=PA7 Pin=U1-44
Added Net: Name=PA7
Added Pin To Net: NetName=PB0/SS# Pin=J1-15
Added Pin To Net: NetName=PB0/SS# Pin=U1-10
Added Net: Name=PB0/SS#
Added Pin To Net: NetName=PB1/SCK Pin=J1-16
Added Pin To Net: NetName=PB1/SCK Pin=U1-11
Added Net: Name=PB1/SCK
Added Pin To Net: NetName=PB2/MOSI Pin=J1-17
Added Pin To Net: NetName=PB2/MOSI Pin=U1-12
Added Net: Name=PB2/MOSI
Added Pin To Net: NetName=PB3/MISO Pin=J1-18
Added Pin To Net: NetName=PB3/MISO Pin=U1-13
Added Net: Name=PB3/MISO
Added Pin To Net: NetName=PB4 Pin=J1-19
Added Pin To Net: NetName=PB4 Pin=U1-14
Added Net: Name=PB4
Added Pin To Net: NetName=PB5 Pin=J1-20
Added Pin To Net: NetName=PB5 Pin=U1-15
Added Net: Name=PB5
Added Pin To Net: NetName=PB6 Pin=J1-21
Added Pin To Net: NetName=PB6 Pin=U1-16
Added Net: Name=PB6
Added Pin To Net: NetName=PB7 Pin=J1-22
Added Pin To Net: NetName=PB7 Pin=U1-17
Added Net: Name=PB7
Added Pin To Net: NetName=PC0 Pin=J2-18
Added Pin To Net: NetName=PC0 Pin=U1-35
Added Net: Name=PC0
Added Pin To Net: NetName=PC1 Pin=J2-19
Added Pin To Net: NetName=PC1 Pin=U1-36
Added Net: Name=PC1
Added Pin To Net: NetName=PC2 Pin=J2-20
Added Pin To Net: NetName=PC2 Pin=U1-37
Added Net: Name=PC2
Added Pin To Net: NetName=PC3 Pin=J2-21
Added Pin To Net: NetName=PC3 Pin=U1-38
Added Net: Name=PC3
Added Pin To Net: NetName=PC4 Pin=J2-22
Added Pin To Net: NetName=PC4 Pin=U1-39
Added Net: Name=PC4
Added Pin To Net: NetName=PC5 Pin=J2-23
Added Pin To Net: NetName=PC5 Pin=U1-40
Added Net: Name=PC5
Added Pin To Net: NetName=PC6 Pin=J2-24
Added Pin To Net: NetName=PC6 Pin=U1-41
Added Net: Name=PC6
Added Pin To Net: NetName=PC7 Pin=J2-25
Added Pin To Net: NetName=PC7 Pin=U1-42
Added Net: Name=PC7
Added Pin To Net: NetName=PD0_SCL Pin=R5-1
Added Pin To Net: NetName=PD0_SCL Pin=U1-25
Added Pin To Net: NetName=PD0_SCL Pin=U3-3
Added Net: Name=PD0_SCL
Added Pin To Net: NetName=PD1_SDA Pin=R6-1
Added Pin To Net: NetName=PD1_SDA Pin=U1-26
Added Pin To Net: NetName=PD1_SDA Pin=U3-6
Added Net: Name=PD1_SDA
Added Pin To Net: NetName=PD4_ENA Pin=R7-1
Added Pin To Net: NetName=PD4_ENA Pin=U1-29
Added Pin To Net: NetName=PD4_ENA Pin=U3-1
Added Net: Name=PD4_ENA
Added Pin To Net: NetName=PD5_RDY Pin=R4-1
Added Pin To Net: NetName=PD5_RDY Pin=U1-30
Added Pin To Net: NetName=PD5_RDY Pin=U3-5
Added Net: Name=PD5_RDY
Added Pin To Net: NetName=PD6 Pin=U1-31
Added Net: Name=PD6
Added Pin To Net: NetName=PD7 Pin=U1-32
Added Net: Name=PD7
Added Pin To Net: NetName=PE0/RXD0 Pin=U2-1
Added Net: Name=PE0/RXD0
Added Pin To Net: NetName=PE0/TXD0 Pin=U2-4
Added Net: Name=PE0/TXD0
Added Pin To Net: NetName=PE0_RXD0 Pin=U1-2
Added Net: Name=PE0_RXD0
Added Pin To Net: NetName=PE0_TXD0 Pin=U1-3
Added Net: Name=PE0_TXD0
Added Pin To Net: NetName=PE2_RE#DE Pin=R10-1
Added Pin To Net: NetName=PE2_RE#DE Pin=U1-4
Added Pin To Net: NetName=PE2_RE#DE Pin=U2-2
Added Pin To Net: NetName=PE2_RE#DE Pin=U2-3
Added Net: Name=PE2_RE#DE
Added Pin To Net: NetName=PE3 Pin=U1-5
Added Net: Name=PE3
Added Pin To Net: NetName=PE4 Pin=J1-11
Added Pin To Net: NetName=PE4 Pin=U1-6
Added Net: Name=PE4
Added Pin To Net: NetName=PE5 Pin=J1-12
Added Pin To Net: NetName=PE5 Pin=U1-7
Added Net: Name=PE5
Added Pin To Net: NetName=PE6 Pin=J1-13
Added Pin To Net: NetName=PE6 Pin=U1-8
Added Net: Name=PE6
Added Pin To Net: NetName=PE7 Pin=J1-14
Added Pin To Net: NetName=PE7 Pin=U1-9
Added Net: Name=PE7
Added Pin To Net: NetName=PEN# Pin=TP3-1
Added Pin To Net: NetName=PEN# Pin=U1-1
Added Net: Name=PEN#
Added Pin To Net: NetName=PF0/ADC0 Pin=J2-01
Added Net: Name=PF0/ADC0
Added Pin To Net: NetName=PF1/ADC1 Pin=J2-02
Added Net: Name=PF1/ADC1
Added Pin To Net: NetName=PF2/ADC2 Pin=J2-03
Added Net: Name=PF2/ADC2
Added Pin To Net: NetName=PF3/ADC3 Pin=J2-04
Added Net: Name=PF3/ADC3
Added Pin To Net: NetName=PG0 Pin=J2-06
Added Pin To Net: NetName=PG0 Pin=U1-33
Added Net: Name=PG0
Added Pin To Net: NetName=PG1 Pin=J2-07
Added Pin To Net: NetName=PG1 Pin=U1-34
Added Net: Name=PG1
Added Pin To Net: NetName=PG2 Pin=J2-08
Added Pin To Net: NetName=PG2 Pin=U1-43
Added Net: Name=PG2
Added Pin To Net: NetName=PG3 Pin=J2-09
Added Pin To Net: NetName=PG3 Pin=U1-18
Added Net: Name=PG3
Added Pin To Net: NetName=RXD1 Pin=J1-23
Added Pin To Net: NetName=RXD1 Pin=U1-27
Added Net: Name=RXD1
Added Pin To Net: NetName=TCK Pin=J1-06
Added Pin To Net: NetName=TCK Pin=U1-57
Added Net: Name=TCK
Added Pin To Net: NetName=TDI Pin=J1-09
Added Pin To Net: NetName=TDI Pin=U1-54
Added Net: Name=TDI
Added Pin To Net: NetName=TDO Pin=J1-08
Added Pin To Net: NetName=TDO Pin=U1-55
Added Net: Name=TDO
Added Pin To Net: NetName=TMS Pin=J1-07
Added Pin To Net: NetName=TMS Pin=U1-56
Added Net: Name=TMS
Added Pin To Net: NetName=TXD1 Pin=J1-24
Added Pin To Net: NetName=TXD1 Pin=U1-28
Added Net: Name=TXD1
Added Pin To Net: NetName=VCC_3P3A Pin=C6-1
Added Pin To Net: NetName=VCC_3P3A Pin=C7-2
Added Pin To Net: NetName=VCC_3P3A Pin=L1-1
Added Pin To Net: NetName=VCC_3P3A Pin=U1-64
Added Net: Name=VCC_3P3A
Added Pin To Net: NetName=VCC_3P3 Pin=C1-1
Added Pin To Net: NetName=VCC_3P3 Pin=C2-2
Added Pin To Net: NetName=VCC_3P3 Pin=C3-2
Added Pin To Net: NetName=VCC_3P3 Pin=C10-1
Added Pin To Net: NetName=VCC_3P3 Pin=C11-1
Added Pin To Net: NetName=VCC_3P3 Pin=L1-2
Added Pin To Net: NetName=VCC_3P3 Pin=LED1-1
Added Pin To Net: NetName=VCC_3P3 Pin=R1-2
Added Pin To Net: NetName=VCC_3P3 Pin=R2-2
Added Pin To Net: NetName=VCC_3P3 Pin=R4-2
Added Pin To Net: NetName=VCC_3P3 Pin=R5-2
Added Pin To Net: NetName=VCC_3P3 Pin=R6-2
Added Pin To Net: NetName=VCC_3P3 Pin=R7-2
Added Pin To Net: NetName=VCC_3P3 Pin=R8-2
Added Pin To Net: NetName=VCC_3P3 Pin=R9-2
Added Pin To Net: NetName=VCC_3P3 Pin=R10-2
Added Pin To Net: NetName=VCC_3P3 Pin=R11-2
Added Pin To Net: NetName=VCC_3P3 Pin=TP1-1
Added Pin To Net: NetName=VCC_3P3 Pin=U1-21
Added Pin To Net: NetName=VCC_3P3 Pin=U1-52
Added Pin To Net: NetName=VCC_3P3 Pin=U2-8
Added Pin To Net: NetName=VCC_3P3 Pin=U3-8
Added Net: Name=VCC_3P3
Added Class: Name=ChMCv01
Added Differential Pair: Name=IPMB2_N1
Added Differential Pair: Name=IPMB2_N2
