Removed Pin From Net: NetName=GND Pin=J1-03
Removed Pin From Net: NetName=GND Pin=J1-04
Removed Pin From Net: NetName=RST_N Pin=J1-05
Removed Pin From Net: NetName=JTAG_RST_N Pin=J1-06
Removed Pin From Net: NetName=JTAG_TRACE Pin=J1-07
Removed Pin From Net: NetName=JTAG_SWDIO Pin=J1-08
Removed Pin From Net: NetName=JTAG_SWCLK Pin=J1-09
Removed Pin From Net: NetName=GND Pin=J1-10
Removed Pin From Net: NetName=RXD0 Pin=J1-11
Removed Pin From Net: NetName=TXD0 Pin=J1-12
Removed Pin From Net: NetName=RXD1 Pin=J1-13
Removed Pin From Net: NetName=TXD1 Pin=J1-14
Removed Pin From Net: NetName=ADC0 Pin=J2-01
Removed Pin From Net: NetName=ADC1 Pin=J2-02
Removed Pin From Net: NetName=ADC2 Pin=J2-03
Removed Pin From Net: NetName=ADC3 Pin=J2-04
Removed Pin From Net: NetName=ADC4 Pin=J2-05
Removed Pin From Net: NetName=ADC5 Pin=J2-06
Removed Pin From Net: NetName=ADC6 Pin=J2-07
Removed Pin From Net: NetName=ADC7 Pin=J2-08
Removed Pin From Net: NetName=ADC8 Pin=J2-09
Removed Pin From Net: NetName=ADC9 Pin=J2-10
Removed Pin From Net: NetName=GND Pin=J2-11
Removed Pin From Net: NetName=PD0_GA0 Pin=J2-12
Removed Pin From Net: NetName=PD2_GA1 Pin=J2-13
Removed Pin From Net: NetName=PD2_GA2 Pin=J2-14
Removed Pin From Net: NetName=PD3_GA3 Pin=J2-15
Removed Pin From Net: NetName=PD4_GA4 Pin=J2-16
Removed Pin From Net: NetName=PD5_GAP Pin=J2-17
Removed Pin From Net: NetName=PC0 Pin=J2-18
Removed Pin From Net: NetName=PC1 Pin=J2-19
Removed Pin From Net: NetName=PC2 Pin=J2-20
Removed Pin From Net: NetName=PC3 Pin=J2-21
Removed Pin From Net: NetName=PC4 Pin=J2-22
Removed Pin From Net: NetName=PC5 Pin=J2-23
Removed Pin From Net: NetName=PC6 Pin=J2-24
Removed Pin From Net: NetName=PC7 Pin=J2-25
Removed Member From Class: ClassName=ChMC_V71V01 Member=J1
Removed Member From Class: ClassName=ChMC_V71V01 Member=J2
Change Footprint: Footprint Not Found 50.000M 3P3 50ppm 10pF 3.2*5.0MM
