Removed Pin From Net: NetName=RXD0 Pin=J1-11
Removed Pin From Net: NetName=TXD0 Pin=J1-12
Removed Pin From Net: NetName=RXD1 Pin=J1-13
Removed Pin From Net: NetName=TXD1 Pin=J1-14
Removed Pin From Net: NetName=IPMB1_SCL Pin=J1-15
Removed Pin From Net: NetName=IPMB1_SDA Pin=J1-16
Removed Pin From Net: NetName=IPMB2_SCL Pin=J1-17
Removed Pin From Net: NetName=IPMB2_SDA Pin=J1-18
Removed Pin From Net: NetName=GND Pin=J1-19
Removed Pin From Net: NetName=PD0_GA0 Pin=J1-20
Removed Pin From Net: NetName=PD2_GA1 Pin=J1-21
Removed Pin From Net: NetName=PD2_GA2 Pin=J1-22
Removed Pin From Net: NetName=PD3_GA3 Pin=J1-23
Removed Pin From Net: NetName=PD4_GA4 Pin=J1-24
Removed Pin From Net: NetName=PD5_GAP Pin=J1-25
Change Footprint: Footprint Not Found 50.000M 3P3 50ppm 10pF 3.2*5.0MM
Added Pin To Net: NetName=PD0_GA0 Pin=J1-11
Added Pin To Net: NetName=PD2_GA1 Pin=J1-12
Added Pin To Net: NetName=PD2_GA2 Pin=J1-13
Added Pin To Net: NetName=PD3_GA3 Pin=J1-14
Added Pin To Net: NetName=PD4_GA4 Pin=J1-15
Added Pin To Net: NetName=PD5_GAP Pin=J1-16
Added Pin To Net: NetName=GND Pin=J1-17
Added Pin To Net: NetName=RXD0 Pin=J1-18
Added Pin To Net: NetName=TXD0 Pin=J1-19
Added Pin To Net: NetName=RXD1 Pin=J1-20
Added Pin To Net: NetName=TXD1 Pin=J1-21
Added Pin To Net: NetName=IPMB1_SCL Pin=J1-22
Added Pin To Net: NetName=IPMB1_SDA Pin=J1-23
Added Pin To Net: NetName=IPMB2_SCL Pin=J1-24
Added Pin To Net: NetName=IPMB2_SDA Pin=J1-25
