Removed Pin From Net: NetName=PF0/ADC0 Pin=J2-01
Removed Pin From Net: NetName=PF1/ADC1 Pin=J2-02
Removed Pin From Net: NetName=PF2/ADC2 Pin=J2-03
Removed Pin From Net: NetName=PF3/ADC3 Pin=J2-04
Removed Pin From Net: NetName=GND Pin=J2-05
Removed Pin From Net: NetName=PG0 Pin=J2-06
Removed Pin From Net: NetName=PG1 Pin=J2-07
Removed Pin From Net: NetName=PG2 Pin=J2-08
Removed Pin From Net: NetName=PG3 Pin=J2-09
Removed Pin From Net: NetName=PA0 Pin=J2-10
Removed Pin From Net: NetName=PA1 Pin=J2-11
Removed Pin From Net: NetName=PA2 Pin=J2-12
Removed Pin From Net: NetName=PA4 Pin=J2-14
Removed Pin From Net: NetName=PA5 Pin=J2-15
Removed Pin From Net: NetName=PA6 Pin=J2-16
Removed Pin From Net: NetName=PA7 Pin=J2-17
Removed Pin From Net: NetName=PC0 Pin=J2-18
Removed Pin From Net: NetName=PC1 Pin=J2-19
Removed Pin From Net: NetName=PC2 Pin=J2-20
Removed Pin From Net: NetName=PC3 Pin=J2-21
Removed Pin From Net: NetName=PC4 Pin=J2-22
Removed Pin From Net: NetName=PC5 Pin=J2-23
Removed Pin From Net: NetName=PC6 Pin=J2-24
Removed Pin From Net: NetName=PC7 Pin=J2-25
Added Pin To Net: NetName=PC7 Pin=J2-01
Added Pin To Net: NetName=PC6 Pin=J2-02
Added Pin To Net: NetName=PC5 Pin=J2-03
Added Pin To Net: NetName=PC4 Pin=J2-04
Added Pin To Net: NetName=PC3 Pin=J2-05
Added Pin To Net: NetName=PC2 Pin=J2-06
Added Pin To Net: NetName=PC1 Pin=J2-07
Added Pin To Net: NetName=PC0 Pin=J2-08
Added Pin To Net: NetName=PA7 Pin=J2-09
Added Pin To Net: NetName=PA6 Pin=J2-10
Added Pin To Net: NetName=PA5 Pin=J2-11
Added Pin To Net: NetName=PA4 Pin=J2-12
Added Pin To Net: NetName=PA2 Pin=J2-14
Added Pin To Net: NetName=PA1 Pin=J2-15
Added Pin To Net: NetName=PA0 Pin=J2-16
Added Pin To Net: NetName=PG3 Pin=J2-17
Added Pin To Net: NetName=PG2 Pin=J2-18
Added Pin To Net: NetName=PG1 Pin=J2-19
Added Pin To Net: NetName=PG0 Pin=J2-20
Added Pin To Net: NetName=GND Pin=J2-21
Added Pin To Net: NetName=PF3/ADC3 Pin=J2-22
Added Pin To Net: NetName=PF2/ADC2 Pin=J2-23
Added Pin To Net: NetName=PF1/ADC1 Pin=J2-24
Added Pin To Net: NetName=PF0/ADC0 Pin=J2-25
