Change Footprint: Footprint Not Found 50.000M 3P3 50ppm 10pF 3.2*5.0MM
Added Component: Designator=LED1(0603LED)
Add component (AddParameter): Name = "Manufacturer"; Value = ""; VariantName = "[No Variations]"
Add component (AddParameter): Name = "Parameter 1"; Value = "1.75-1.82V/3-5mA"; VariantName = "[No Variations]"
Add component (AddParameter): Name = "PartNumber"; Value = ""; VariantName = "[No Variations]"
Add component (AddParameter): Name = "TYPE"; Value = ""; VariantName = "[No Variations]"
Added Component: Designator=R18(0603R)
Add component (AddParameter): Name = "Manufacturer"; Value = "YAGEO"; VariantName = "[No Variations]"
Add component (AddParameter): Name = "PartNumber"; Value = "AC0603FR-072K2L"; VariantName = "[No Variations]"
Add component (AddParameter): Name = "TYPE"; Value = "Q-200"; VariantName = "[No Variations]"
Add component (AddParameter): Name = "VALUE"; Value = "2K 1% 0603"; VariantName = "[No Variations]"
Added Pin To Net: NetName=VCC_3P3 Pin=LED1-1
Added Pin To Net: NetName=LED Pin=R18-2
Added Pin To Net: NetName=LED Pin=U1-14
Added Net: Name=LED
Added Pin To Net: NetName=NetLED1_2 Pin=LED1-2
Added Pin To Net: NetName=NetLED1_2 Pin=R18-1
Added Net: Name=NetLED1_2
Added Member To Class: ClassName=ChMC_V71V01 Member=Component LED1 GREEN
Added Member To Class: ClassName=ChMC_V71V01 Member=Component R18 2K2
